Using pre-set license
Built from '2020.3/staging' branch; Version is '2020.3.6f1 (338bb68529b2) revision 3378102'; Using compiler version '192528614'; Build Type 'Release'
OS: 'Windows 10 Home; OS build 19042.1348; Version 2009; 64bit' Language: 'pl' Physical Memory: 8040 MB
BatchMode: 1, IsHumanControllingUs: 0, StartBugReporterOnCrash: 0, Is64bit: 1, IsPro: 0

 COMMAND LINE ARGUMENTS:
C:\Unity\2020.3.6f1\Editor\Unity.exe
-adb2
-batchMode
-noUpm
-name
AssetImportWorker0
-projectPath
C:/Users/oem/prezentacja
-logFile
Logs/AssetImportWorker0.log
-srvPort
55436
Successfully changed project path to: C:/Users/oem/prezentacja
C:/Users/oem/prezentacja
Using Asset Import Pipeline V2.
Refreshing native plugins compatible for Editor in 47.24 ms, found 1 plugins.
Preloading 0 native plugins for Editor in 0.00 ms.
Initialize engine version: 2020.3.6f1 (338bb68529b2)
[Subsystems] Discovering subsystems at path C:/Unity/2020.3.6f1/Editor/Data/Resources/UnitySubsystems
[Subsystems] Discovering subsystems at path C:/Users/oem/prezentacja/Assets
GfxDevice: creating device client; threaded=0
Direct3D:
    Version:  Direct3D 11.0 [level 11.1]
    Renderer: NVIDIA GeForce GTX 1660 Ti (ID=0x2191)
    Vendor:   
    VRAM:     5991 MB
    Driver:   27.21.14.5167
Initialize mono
Mono path[0] = 'C:/Unity/2020.3.6f1/Editor/Data/Managed'
Mono path[1] = 'C:/Unity/2020.3.6f1/Editor/Data/MonoBleedingEdge/lib/mono/unityjit'
Mono config path = 'C:/Unity/2020.3.6f1/Editor/Data/MonoBleedingEdge/etc'
Using monoOptions --debugger-agent=transport=dt_socket,embedding=1,server=y,suspend=n,address=127.0.0.1:56820
Begin MonoManager ReloadAssembly
Registering precompiled unity dll's ...
Register platform support module: C:/Unity/2020.3.6f1/Editor/Data/PlaybackEngines/WindowsStandaloneSupport/UnityEditor.WindowsStandalone.Extensions.dll
Registered in 0.003679 seconds.
Native extension for WindowsStandalone target not found
Refreshing native plugins compatible for Editor in 54.49 ms, found 1 plugins.
Preloading 0 native plugins for Editor in 0.00 ms.
Mono: successfully reloaded assembly
- Completed reload, in  1.292 seconds
Platform modules already initialized, skipping
Registering precompiled user dll's ...
Registered in 0.001004 seconds.
Begin MonoManager ReloadAssembly
Native extension for WindowsStandalone target not found
Refreshing native plugins compatible for Editor in 58.77 ms, found 1 plugins.
Preloading 0 native plugins for Editor in 0.00 ms.
Mono: successfully reloaded assembly
- Completed reload, in  1.287 seconds
Platform modules already initialized, skipping
========================================================================
Worker process is ready to serve import requests
Launched and connected shader compiler UnityShaderCompiler.exe after 0.07 seconds
Refreshing native plugins compatible for Editor in 0.83 ms, found 1 plugins.
Preloading 0 native plugins for Editor in 0.00 ms.
Unloading 1905 Unused Serialized files (Serialized files now loaded: 0)
System memory in use before: 89.6 MB.
System memory in use after: 89.6 MB.

Unloading 22 unused Assets to reduce memory usage. Loaded Objects now: 2352.
Total: 2.920800 ms (FindLiveObjects: 0.359600 ms CreateObjectMapping: 0.170300 ms MarkObjects: 2.264600 ms  DeleteObjects: 0.125100 ms)

========================================================================
Received Import Request.
  path: Assets/Script/CameraPosition.cs
  artifactKey: Guid(16c8833c0b40b4a4d99648c96938672f) Importer(815301076,1909f56bfc062723c751e8b465ee728b)
Start importing Assets/Script/CameraPosition.cs using Guid(16c8833c0b40b4a4d99648c96938672f) Importer(815301076,1909f56bfc062723c751e8b465ee728b)  -> (artifact id: '3f12786e4885d34abfac25b4d33d8ad1') in 0.094536 seconds
  Import took 0.103646 seconds .

========================================================================
Received Import Request.
  Time since last request: 132.271349 seconds.
  path: Assets/Script/CameraPosition.cs
  artifactKey: Guid(16c8833c0b40b4a4d99648c96938672f) Importer(815301076,1909f56bfc062723c751e8b465ee728b)
Start importing Assets/Script/CameraPosition.cs using Guid(16c8833c0b40b4a4d99648c96938672f) Importer(815301076,1909f56bfc062723c751e8b465ee728b)  -> (artifact id: 'b49fd0ddb62fde5f47fb22cbddb50dbc') in 0.010874 seconds
  Import took 0.072599 seconds .

========================================================================
Received Import Request.
  Time since last request: 17.454931 seconds.
  path: Assets/Script/CameraPosition.cs
  artifactKey: Guid(16c8833c0b40b4a4d99648c96938672f) Importer(815301076,1909f56bfc062723c751e8b465ee728b)
Start importing Assets/Script/CameraPosition.cs using Guid(16c8833c0b40b4a4d99648c96938672f) Importer(815301076,1909f56bfc062723c751e8b465ee728b)  -> (artifact id: 'c53881eda3d52412af6fced3b8d25da6') in 0.004482 seconds
  Import took 0.009197 seconds .

========================================================================
Received Prepare
Registering precompiled user dll's ...
Registered in 0.003279 seconds.
Begin MonoManager ReloadAssembly
Native extension for WindowsStandalone target not found
Refreshing native plugins compatible for Editor in 0.47 ms, found 1 plugins.
Preloading 0 native plugins for Editor in 0.00 ms.
Mono: successfully reloaded assembly
- Completed reload, in  1.302 seconds
Platform modules already initialized, skipping
Refreshing native plugins compatible for Editor in 0.42 ms, found 1 plugins.
Preloading 0 native plugins for Editor in 0.00 ms.
Unloading 1886 Unused Serialized files (Serialized files now loaded: 0)
System memory in use before: 88.2 MB.
System memory in use after: 88.2 MB.

Unloading 11 unused Assets to reduce memory usage. Loaded Objects now: 2356.
Total: 7.813500 ms (FindLiveObjects: 1.162600 ms CreateObjectMapping: 0.129500 ms MarkObjects: 6.170700 ms  DeleteObjects: 0.349700 ms)

AssetImportWorkerClient::OnTransportError - code=2 error=End of file
